-------------------------------------------------------------------------------
Test set: com.freshworks.boot.samples.api.ApiApplicationTests
-------------------------------------------------------------------------------
Tests run: 1, Failures: 0, Errors: 1, Skipped: 0, Time elapsed: 9.787 s <<< FAILURE! - in com.freshworks.boot.samples.api.ApiApplicationTests
contextLoads  Time elapsed: 0.002 s  <<< ERROR!
java.lang.IllegalStateException: Failed to load ApplicationContext
Caused by: org.springframework.beans.factory.UnsatisfiedDependencyException: Error creating bean with name 'org.springframework.security.config.annotation.web.configuration.WebSecurityConfiguration': Unsatisfied dependency expressed through method 'setFilterChainProxySecurityConfigurer' parameter 1; nested exception is org.springframework.beans.factory.BeanExpressionException: Expression parsing failed; nested exception is org.springframework.beans.factory.UnsatisfiedDependencyException: Error creating bean with name 'webSecurity' defined in class path resource [com/freshworks/starter/web/security/WebSecurityAutoConfiguration.class]: Unsatisfied dependency expressed through method 'webSecurity' parameter 4; nested exception is org.springframework.beans.factory.NoUniqueBeanDefinitionException: No qualifying bean of type 'com.freshworks.boot.common.context.AccountFetcher<?>' available: expected single matching bean but found 2: todoAccountFetcher,accountFetcherService
Caused by: org.springframework.beans.factory.BeanExpressionException: Expression parsing failed; nested exception is org.springframework.beans.factory.UnsatisfiedDependencyException: Error creating bean with name 'webSecurity' defined in class path resource [com/freshworks/starter/web/security/WebSecurityAutoConfiguration.class]: Unsatisfied dependency expressed through method 'webSecurity' parameter 4; nested exception is org.springframework.beans.factory.NoUniqueBeanDefinitionException: No qualifying bean of type 'com.freshworks.boot.common.context.AccountFetcher<?>' available: expected single matching bean but found 2: todoAccountFetcher,accountFetcherService
Caused by: org.springframework.beans.factory.UnsatisfiedDependencyException: Error creating bean with name 'webSecurity' defined in class path resource [com/freshworks/starter/web/security/WebSecurityAutoConfiguration.class]: Unsatisfied dependency expressed through method 'webSecurity' parameter 4; nested exception is org.springframework.beans.factory.NoUniqueBeanDefinitionException: No qualifying bean of type 'com.freshworks.boot.common.context.AccountFetcher<?>' available: expected single matching bean but found 2: todoAccountFetcher,accountFetcherService
Caused by: org.springframework.beans.factory.NoUniqueBeanDefinitionException: No qualifying bean of type 'com.freshworks.boot.common.context.AccountFetcher<?>' available: expected single matching bean but found 2: todoAccountFetcher,accountFetcherService

